[2022-06-15T23:17:37.330] [WARN] custom - { error: '-2', descripcion: 'ruta / metodo GET no implementada' }
[2022-06-15T23:17:37.748] [WARN] custom - {
  error: '-2',
  descripcion: 'ruta /favicon.ico metodo GET no implementada'
}
[2022-06-15T23:17:47.339] [WARN] custom - { error: '-2', descripcion: 'ruta / metodo GET no implementada' }
[2022-06-15T23:17:47.406] [WARN] custom - {
  error: '-2',
  descripcion: 'ruta /favicon.ico metodo GET no implementada'
}
[2022-06-15T23:17:56.224] [WARN] custom - {
  error: '-2',
  descripcion: 'ruta /favicon.ico metodo GET no implementada'
}
[2022-06-15T23:21:12.354] [WARN] custom - {
  error: '-2',
  descripcion: 'ruta /favicon.ico metodo GET no implementada'
}
[2022-06-15T23:22:25.060] [WARN] custom - {
  error: '-2',
  descripcion: 'ruta /favicon.ico metodo GET no implementada'
}
[2022-06-15T23:24:32.262] [WARN] custom - {
  error: '-2',
  descripcion: 'ruta /favicon.ico metodo GET no implementada'
}
[2022-06-15T23:24:32.744] [WARN] custom - {
  error: '-2',
  descripcion: 'ruta /favicon.ico metodo GET no implementada'
}
[2022-06-15T23:24:33.135] [WARN] custom - {
  error: '-2',
  descripcion: 'ruta /favicon.ico metodo GET no implementada'
}
[2022-06-15T23:24:33.484] [WARN] custom - {
  error: '-2',
  descripcion: 'ruta /favicon.ico metodo GET no implementada'
}
[2022-06-15T23:24:35.147] [WARN] custom - {
  error: '-2',
  descripcion: 'ruta /favicon.ico metodo GET no implementada'
}
[2022-06-15T23:24:35.266] [WARN] custom - {
  error: '-2',
  descripcion: 'ruta /favicon.ico metodo GET no implementada'
}
[2022-06-15T23:24:35.470] [WARN] custom - {
  error: '-2',
  descripcion: 'ruta /favicon.ico metodo GET no implementada'
}
[2022-06-15T23:24:35.722] [WARN] custom - {
  error: '-2',
  descripcion: 'ruta /favicon.ico metodo GET no implementada'
}
[2022-06-15T23:24:35.934] [WARN] custom - {
  error: '-2',
  descripcion: 'ruta /favicon.ico metodo GET no implementada'
}
[2022-06-15T23:24:36.074] [WARN] custom - {
  error: '-2',
  descripcion: 'ruta /favicon.ico metodo GET no implementada'
}
[2022-06-15T23:24:38.700] [WARN] custom - {
  error: '-2',
  descripcion: 'ruta /favicon.ico metodo GET no implementada'
}
[2022-06-15T23:24:40.073] [WARN] custom - {
  error: '-2',
  descripcion: 'ruta /favicon.ico metodo GET no implementada'
}
[2022-06-15T23:24:41.306] [WARN] custom - {
  error: '-2',
  descripcion: 'ruta /favicon.ico metodo GET no implementada'
}
[2022-06-15T23:24:42.780] [WARN] custom - {
  error: '-2',
  descripcion: 'ruta /favicon.ico metodo GET no implementada'
}
[2022-06-15T23:24:43.028] [WARN] custom - {
  error: '-2',
  descripcion: 'ruta /favicon.ico metodo GET no implementada'
}
[2022-06-15T23:24:44.798] [WARN] custom - {
  error: '-2',
  descripcion: 'ruta /favicon.ico metodo GET no implementada'
}
[2022-06-15T23:24:45.862] [WARN] custom - {
  error: '-2',
  descripcion: 'ruta /favicon.ico metodo GET no implementada'
}
[2022-06-15T23:24:47.413] [WARN] custom - {
  error: '-2',
  descripcion: 'ruta /favicon.ico metodo GET no implementada'
}
[2022-06-15T23:24:48.491] [WARN] custom - {
  error: '-2',
  descripcion: 'ruta /favicon.ico metodo GET no implementada'
}
[2022-06-15T23:24:49.798] [WARN] custom - {
  error: '-2',
  descripcion: 'ruta /favicon.ico metodo GET no implementada'
}
[2022-06-15T23:25:07.339] [WARN] custom - {
  error: '-2',
  descripcion: 'ruta /favicon.ico metodo GET no implementada'
}
[2022-06-15T23:25:07.762] [WARN] custom - {
  error: '-2',
  descripcion: 'ruta /favicon.ico metodo GET no implementada'
}
[2022-06-15T23:25:07.790] [WARN] custom - {
  error: '-2',
  descripcion: 'ruta /favicon.ico metodo GET no implementada'
}
[2022-06-15T23:25:08.087] [WARN] custom - {
  error: '-2',
  descripcion: 'ruta /favicon.ico metodo GET no implementada'
}
[2022-06-15T23:25:08.496] [WARN] custom - {
  error: '-2',
  descripcion: 'ruta /favicon.ico metodo GET no implementada'
}
[2022-06-15T23:25:09.100] [WARN] custom - {
  error: '-2',
  descripcion: 'ruta /favicon.ico metodo GET no implementada'
}
[2022-06-15T23:25:09.387] [WARN] custom - {
  error: '-2',
  descripcion: 'ruta /favicon.ico metodo GET no implementada'
}
[2022-06-15T23:25:09.617] [WARN] custom - {
  error: '-2',
  descripcion: 'ruta /favicon.ico metodo GET no implementada'
}
[2022-06-15T23:25:10.381] [WARN] custom - {
  error: '-2',
  descripcion: 'ruta /favicon.ico metodo GET no implementada'
}
[2022-06-15T23:25:11.073] [WARN] custom - {
  error: '-2',
  descripcion: 'ruta /favicon.ico metodo GET no implementada'
}
[2022-06-15T23:25:11.464] [WARN] custom - {
  error: '-2',
  descripcion: 'ruta /favicon.ico metodo GET no implementada'
}
[2022-06-15T23:25:11.573] [WARN] custom - {
  error: '-2',
  descripcion: 'ruta /favicon.ico metodo GET no implementada'
}
[2022-06-15T23:25:11.750] [WARN] custom - {
  error: '-2',
  descripcion: 'ruta /favicon.ico metodo GET no implementada'
}
[2022-06-15T23:25:12.198] [WARN] custom - {
  error: '-2',
  descripcion: 'ruta /favicon.ico metodo GET no implementada'
}
[2022-06-15T23:25:12.954] [WARN] custom - {
  error: '-2',
  descripcion: 'ruta /favicon.ico metodo GET no implementada'
}
[2022-06-15T23:25:14.141] [WARN] custom - {
  error: '-2',
  descripcion: 'ruta /favicon.ico metodo GET no implementada'
}
[2022-06-15T23:25:14.669] [WARN] custom - {
  error: '-2',
  descripcion: 'ruta /favicon.ico metodo GET no implementada'
}
[2022-06-15T23:25:14.911] [WARN] custom - {
  error: '-2',
  descripcion: 'ruta /favicon.ico metodo GET no implementada'
}
[2022-06-15T23:25:15.261] [WARN] custom - {
  error: '-2',
  descripcion: 'ruta /favicon.ico metodo GET no implementada'
}
[2022-06-15T23:25:15.872] [WARN] custom - {
  error: '-2',
  descripcion: 'ruta /favicon.ico metodo GET no implementada'
}
[2022-06-15T23:25:16.049] [WARN] custom - {
  error: '-2',
  descripcion: 'ruta /favicon.ico metodo GET no implementada'
}
[2022-06-15T23:25:16.217] [WARN] custom - {
  error: '-2',
  descripcion: 'ruta /favicon.ico metodo GET no implementada'
}
[2022-06-15T23:25:17.555] [WARN] custom - {
  error: '-2',
  descripcion: 'ruta /favicon.ico metodo GET no implementada'
}
[2022-06-15T23:25:18.518] [WARN] custom - {
  error: '-2',
  descripcion: 'ruta /favicon.ico metodo GET no implementada'
}
[2022-06-15T23:25:18.886] [WARN] custom - {
  error: '-2',
  descripcion: 'ruta /favicon.ico metodo GET no implementada'
}
[2022-06-15T23:25:24.924] [WARN] custom - {
  error: '-2',
  descripcion: 'ruta /favicon.ico metodo GET no implementada'
}
[2022-06-15T23:25:25.467] [WARN] custom - {
  error: '-2',
  descripcion: 'ruta /favicon.ico metodo GET no implementada'
}
[2022-06-15T23:25:26.629] [WARN] custom - {
  error: '-2',
  descripcion: 'ruta /favicon.ico metodo GET no implementada'
}
[2022-06-15T23:26:35.783] [WARN] custom - {
  error: '-2',
  descripcion: 'ruta /favicon.ico metodo GET no implementada'
}
[2022-06-15T23:26:36.447] [WARN] custom - {
  error: '-2',
  descripcion: 'ruta /favicon.ico metodo GET no implementada'
}
[2022-06-15T23:26:36.703] [WARN] custom - {
  error: '-2',
  descripcion: 'ruta /favicon.ico metodo GET no implementada'
}
[2022-06-15T23:26:37.565] [WARN] custom - {
  error: '-2',
  descripcion: 'ruta /favicon.ico metodo GET no implementada'
}
[2022-06-15T23:26:37.744] [WARN] custom - {
  error: '-2',
  descripcion: 'ruta /favicon.ico metodo GET no implementada'
}
[2022-06-15T23:26:38.717] [WARN] custom - {
  error: '-2',
  descripcion: 'ruta /favicon.ico metodo GET no implementada'
}
[2022-06-15T23:26:39.061] [WARN] custom - {
  error: '-2',
  descripcion: 'ruta /favicon.ico metodo GET no implementada'
}
[2022-06-15T23:27:35.056] [WARN] custom - {
  error: '-2',
  descripcion: 'ruta /favicon.ico metodo GET no implementada'
}
[2022-06-15T23:27:36.630] [WARN] custom - {
  error: '-2',
  descripcion: 'ruta /favicon.ico metodo GET no implementada'
}
[2022-06-15T23:27:37.839] [WARN] custom - {
  error: '-2',
  descripcion: 'ruta /favicon.ico metodo GET no implementada'
}
[2022-06-15T23:27:38.300] [WARN] custom - {
  error: '-2',
  descripcion: 'ruta /favicon.ico metodo GET no implementada'
}
[2022-06-15T23:27:40.899] [WARN] custom - {
  error: '-2',
  descripcion: 'ruta /favicon.ico metodo GET no implementada'
}
[2022-06-15T23:27:40.968] [WARN] custom - {
  error: '-2',
  descripcion: 'ruta /favicon.ico metodo GET no implementada'
}
[2022-06-15T23:27:41.129] [WARN] custom - {
  error: '-2',
  descripcion: 'ruta /favicon.ico metodo GET no implementada'
}
[2022-06-15T23:27:43.181] [WARN] custom - {
  error: '-2',
  descripcion: 'ruta /favicon.ico metodo GET no implementada'
}
[2022-06-15T23:27:45.084] [WARN] custom - {
  error: '-2',
  descripcion: 'ruta /favicon.ico metodo GET no implementada'
}
[2022-06-15T23:27:46.248] [WARN] custom - {
  error: '-2',
  descripcion: 'ruta /favicon.ico metodo GET no implementada'
}
[2022-06-15T23:27:47.982] [WARN] custom - {
  error: '-2',
  descripcion: 'ruta /favicon.ico metodo GET no implementada'
}
[2022-06-15T23:27:48.133] [WARN] custom - {
  error: '-2',
  descripcion: 'ruta /favicon.ico metodo GET no implementada'
}
[2022-06-15T23:27:49.611] [WARN] custom - {
  error: '-2',
  descripcion: 'ruta /favicon.ico metodo GET no implementada'
}
[2022-06-15T23:31:15.036] [WARN] custom - {
  error: '-2',
  descripcion: 'ruta /favicon.ico metodo GET no implementada'
}
[2022-06-15T23:31:16.394] [WARN] custom - {
  error: '-2',
  descripcion: 'ruta /favicon.ico metodo GET no implementada'
}
[2022-06-15T23:31:17.712] [WARN] custom - {
  error: '-2',
  descripcion: 'ruta /favicon.ico metodo GET no implementada'
}
[2022-06-15T23:31:18.180] [WARN] custom - {
  error: '-2',
  descripcion: 'ruta /favicon.ico metodo GET no implementada'
}
[2022-06-15T23:31:18.357] [WARN] custom - {
  error: '-2',
  descripcion: 'ruta /favicon.ico metodo GET no implementada'
}
[2022-06-15T23:31:18.942] [WARN] custom - {
  error: '-2',
  descripcion: 'ruta /favicon.ico metodo GET no implementada'
}
[2022-06-15T23:31:19.026] [WARN] custom - {
  error: '-2',
  descripcion: 'ruta /favicon.ico metodo GET no implementada'
}
[2022-06-15T23:31:19.244] [WARN] custom - {
  error: '-2',
  descripcion: 'ruta /favicon.ico metodo GET no implementada'
}
[2022-06-15T23:31:19.484] [WARN] custom - {
  error: '-2',
  descripcion: 'ruta /favicon.ico metodo GET no implementada'
}
[2022-06-15T23:31:19.927] [WARN] custom - {
  error: '-2',
  descripcion: 'ruta /favicon.ico metodo GET no implementada'
}
[2022-06-15T23:31:20.168] [WARN] custom - {
  error: '-2',
  descripcion: 'ruta /favicon.ico metodo GET no implementada'
}
[2022-06-15T23:31:20.490] [WARN] custom - {
  error: '-2',
  descripcion: 'ruta /favicon.ico metodo GET no implementada'
}
[2022-06-15T23:31:22.343] [WARN] custom - {
  error: '-2',
  descripcion: 'ruta /favicon.ico metodo GET no implementada'
}
[2022-06-15T23:31:22.624] [WARN] custom - {
  error: '-2',
  descripcion: 'ruta /favicon.ico metodo GET no implementada'
}
[2022-06-15T23:32:09.548] [WARN] custom - {
  error: '-2',
  descripcion: 'ruta /favicon.ico metodo GET no implementada'
}
[2022-06-15T23:32:15.198] [WARN] custom - {
  error: '-2',
  descripcion: 'ruta /favicon.ico metodo GET no implementada'
}
[2022-06-15T23:32:16.124] [WARN] custom - {
  error: '-2',
  descripcion: 'ruta /favicon.ico metodo GET no implementada'
}
[2022-06-15T23:32:16.481] [WARN] custom - {
  error: '-2',
  descripcion: 'ruta /favicon.ico metodo GET no implementada'
}
[2022-06-15T23:32:16.590] [WARN] custom - {
  error: '-2',
  descripcion: 'ruta /favicon.ico metodo GET no implementada'
}
[2022-06-15T23:32:16.829] [WARN] custom - {
  error: '-2',
  descripcion: 'ruta /favicon.ico metodo GET no implementada'
}
[2022-06-15T23:32:17.035] [WARN] custom - {
  error: '-2',
  descripcion: 'ruta /favicon.ico metodo GET no implementada'
}
[2022-06-15T23:32:17.241] [WARN] custom - {
  error: '-2',
  descripcion: 'ruta /favicon.ico metodo GET no implementada'
}
[2022-06-15T23:32:18.696] [WARN] custom - {
  error: '-2',
  descripcion: 'ruta /favicon.ico metodo GET no implementada'
}
[2022-06-15T23:32:20.197] [WARN] custom - {
  error: '-2',
  descripcion: 'ruta /favicon.ico metodo GET no implementada'
}
[2022-06-15T23:32:20.255] [WARN] custom - {
  error: '-2',
  descripcion: 'ruta /favicon.ico metodo GET no implementada'
}
[2022-06-15T23:32:20.437] [WARN] custom - {
  error: '-2',
  descripcion: 'ruta /favicon.ico metodo GET no implementada'
}
[2022-06-15T23:32:20.600] [WARN] custom - {
  error: '-2',
  descripcion: 'ruta /favicon.ico metodo GET no implementada'
}
[2022-06-15T23:32:20.767] [WARN] custom - {
  error: '-2',
  descripcion: 'ruta /favicon.ico metodo GET no implementada'
}
[2022-06-15T23:32:20.956] [WARN] custom - {
  error: '-2',
  descripcion: 'ruta /favicon.ico metodo GET no implementada'
}
[2022-06-15T23:32:21.206] [WARN] custom - {
  error: '-2',
  descripcion: 'ruta /favicon.ico metodo GET no implementada'
}
[2022-06-15T23:32:21.403] [WARN] custom - {
  error: '-2',
  descripcion: 'ruta /favicon.ico metodo GET no implementada'
}
[2022-06-15T23:32:21.932] [WARN] custom - {
  error: '-2',
  descripcion: 'ruta /favicon.ico metodo GET no implementada'
}
[2022-06-15T23:32:22.106] [WARN] custom - {
  error: '-2',
  descripcion: 'ruta /favicon.ico metodo GET no implementada'
}
[2022-06-15T23:32:22.239] [WARN] custom - {
  error: '-2',
  descripcion: 'ruta /favicon.ico metodo GET no implementada'
}
[2022-06-15T23:32:22.374] [WARN] custom - {
  error: '-2',
  descripcion: 'ruta /favicon.ico metodo GET no implementada'
}
[2022-06-15T23:32:22.537] [WARN] custom - {
  error: '-2',
  descripcion: 'ruta /favicon.ico metodo GET no implementada'
}
[2022-06-15T23:32:22.705] [WARN] custom - {
  error: '-2',
  descripcion: 'ruta /favicon.ico metodo GET no implementada'
}
[2022-06-15T23:32:22.895] [WARN] custom - {
  error: '-2',
  descripcion: 'ruta /favicon.ico metodo GET no implementada'
}
[2022-06-15T23:32:23.208] [WARN] custom - {
  error: '-2',
  descripcion: 'ruta /favicon.ico metodo GET no implementada'
}
[2022-06-15T23:32:23.356] [WARN] custom - {
  error: '-2',
  descripcion: 'ruta /favicon.ico metodo GET no implementada'
}
[2022-06-15T23:32:23.708] [WARN] custom - {
  error: '-2',
  descripcion: 'ruta /favicon.ico metodo GET no implementada'
}
[2022-06-15T23:32:23.872] [WARN] custom - {
  error: '-2',
  descripcion: 'ruta /favicon.ico metodo GET no implementada'
}
[2022-06-15T23:32:24.037] [WARN] custom - {
  error: '-2',
  descripcion: 'ruta /favicon.ico metodo GET no implementada'
}
[2022-06-15T23:32:24.235] [WARN] custom - {
  error: '-2',
  descripcion: 'ruta /favicon.ico metodo GET no implementada'
}
[2022-06-15T23:32:24.352] [WARN] custom - {
  error: '-2',
  descripcion: 'ruta /favicon.ico metodo GET no implementada'
}
[2022-06-15T23:32:24.496] [WARN] custom - {
  error: '-2',
  descripcion: 'ruta /favicon.ico metodo GET no implementada'
}
[2022-06-15T23:32:24.659] [WARN] custom - {
  error: '-2',
  descripcion: 'ruta /favicon.ico metodo GET no implementada'
}
[2022-06-15T23:32:24.847] [WARN] custom - {
  error: '-2',
  descripcion: 'ruta /favicon.ico metodo GET no implementada'
}
[2022-06-15T23:32:25.019] [WARN] custom - {
  error: '-2',
  descripcion: 'ruta /favicon.ico metodo GET no implementada'
}
[2022-06-15T23:32:25.690] [WARN] custom - {
  error: '-2',
  descripcion: 'ruta /favicon.ico metodo GET no implementada'
}
[2022-06-15T23:32:25.881] [WARN] custom - {
  error: '-2',
  descripcion: 'ruta /favicon.ico metodo GET no implementada'
}
[2022-06-15T23:32:26.031] [WARN] custom - {
  error: '-2',
  descripcion: 'ruta /favicon.ico metodo GET no implementada'
}
[2022-06-15T23:32:26.164] [WARN] custom - {
  error: '-2',
  descripcion: 'ruta /favicon.ico metodo GET no implementada'
}
[2022-06-15T23:32:26.286] [WARN] custom - {
  error: '-2',
  descripcion: 'ruta /favicon.ico metodo GET no implementada'
}
[2022-06-15T23:32:26.501] [WARN] custom - {
  error: '-2',
  descripcion: 'ruta /favicon.ico metodo GET no implementada'
}
[2022-06-15T23:32:26.612] [WARN] custom - {
  error: '-2',
  descripcion: 'ruta /favicon.ico metodo GET no implementada'
}
[2022-06-15T23:32:26.741] [WARN] custom - {
  error: '-2',
  descripcion: 'ruta /favicon.ico metodo GET no implementada'
}
[2022-06-15T23:32:27.437] [WARN] custom - {
  error: '-2',
  descripcion: 'ruta /favicon.ico metodo GET no implementada'
}
[2022-06-15T23:32:27.603] [WARN] custom - {
  error: '-2',
  descripcion: 'ruta /favicon.ico metodo GET no implementada'
}
[2022-06-15T23:32:27.769] [WARN] custom - {
  error: '-2',
  descripcion: 'ruta /favicon.ico metodo GET no implementada'
}
[2022-06-15T23:32:28.072] [WARN] custom - {
  error: '-2',
  descripcion: 'ruta /favicon.ico metodo GET no implementada'
}
[2022-06-15T23:32:28.253] [WARN] custom - {
  error: '-2',
  descripcion: 'ruta /favicon.ico metodo GET no implementada'
}
[2022-06-15T23:32:28.487] [WARN] custom - {
  error: '-2',
  descripcion: 'ruta /favicon.ico metodo GET no implementada'
}
[2022-06-15T23:32:29.200] [WARN] custom - {
  error: '-2',
  descripcion: 'ruta /favicon.ico metodo GET no implementada'
}
[2022-06-15T23:32:29.343] [WARN] custom - {
  error: '-2',
  descripcion: 'ruta /favicon.ico metodo GET no implementada'
}
[2022-06-15T23:32:29.502] [WARN] custom - {
  error: '-2',
  descripcion: 'ruta /favicon.ico metodo GET no implementada'
}
[2022-06-15T23:32:29.739] [WARN] custom - {
  error: '-2',
  descripcion: 'ruta /favicon.ico metodo GET no implementada'
}
[2022-06-15T23:32:29.833] [WARN] custom - {
  error: '-2',
  descripcion: 'ruta /favicon.ico metodo GET no implementada'
}
[2022-06-15T23:32:30.032] [WARN] custom - {
  error: '-2',
  descripcion: 'ruta /favicon.ico metodo GET no implementada'
}
[2022-06-15T23:32:30.180] [WARN] custom - {
  error: '-2',
  descripcion: 'ruta /favicon.ico metodo GET no implementada'
}
[2022-06-15T23:33:12.098] [WARN] custom - {
  error: '-2',
  descripcion: 'ruta /favicon.ico metodo GET no implementada'
}
[2022-06-15T23:33:24.930] [WARN] custom - {
  error: '-2',
  descripcion: 'ruta /favicon.ico metodo GET no implementada'
}
[2022-06-15T23:33:27.366] [WARN] custom - {
  error: '-2',
  descripcion: 'ruta /favicon.ico metodo GET no implementada'
}
[2022-06-15T23:33:38.676] [WARN] custom - {
  error: '-2',
  descripcion: 'ruta /favicon.ico metodo GET no implementada'
}
[2022-06-15T23:33:39.391] [WARN] custom - {
  error: '-2',
  descripcion: 'ruta /favicon.ico metodo GET no implementada'
}
[2022-06-15T23:37:18.169] [WARN] custom - {
  error: '-2',
  descripcion: 'ruta /favicon.ico metodo GET no implementada'
}
[2022-06-15T23:37:19.927] [WARN] custom - {
  error: '-2',
  descripcion: 'ruta /favicon.ico metodo GET no implementada'
}
[2022-06-15T23:37:21.782] [WARN] custom - {
  error: '-2',
  descripcion: 'ruta /favicon.ico metodo GET no implementada'
}
[2022-06-15T23:37:23.106] [WARN] custom - {
  error: '-2',
  descripcion: 'ruta /favicon.ico metodo GET no implementada'
}
[2022-06-15T23:37:24.218] [WARN] custom - {
  error: '-2',
  descripcion: 'ruta /favicon.ico metodo GET no implementada'
}
[2022-06-15T23:37:24.897] [WARN] custom - {
  error: '-2',
  descripcion: 'ruta /favicon.ico metodo GET no implementada'
}
[2022-06-15T23:37:26.524] [WARN] custom - {
  error: '-2',
  descripcion: 'ruta /favicon.ico metodo GET no implementada'
}
[2022-06-15T23:37:26.635] [WARN] custom - {
  error: '-2',
  descripcion: 'ruta /favicon.ico metodo GET no implementada'
}
[2022-06-15T23:37:26.914] [WARN] custom - {
  error: '-2',
  descripcion: 'ruta /favicon.ico metodo GET no implementada'
}
[2022-06-15T23:37:27.136] [WARN] custom - {
  error: '-2',
  descripcion: 'ruta /favicon.ico metodo GET no implementada'
}
[2022-06-15T23:37:27.402] [WARN] custom - {
  error: '-2',
  descripcion: 'ruta /favicon.ico metodo GET no implementada'
}
[2022-06-15T23:37:27.766] [WARN] custom - {
  error: '-2',
  descripcion: 'ruta /favicon.ico metodo GET no implementada'
}
[2022-06-15T23:37:27.962] [WARN] custom - {
  error: '-2',
  descripcion: 'ruta /favicon.ico metodo GET no implementada'
}
[2022-06-15T23:37:39.591] [WARN] custom - {
  error: '-2',
  descripcion: 'ruta /favicon.ico metodo GET no implementada'
}
[2022-06-15T23:37:39.710] [WARN] custom - {
  error: '-2',
  descripcion: 'ruta /favicon.ico metodo GET no implementada'
}
[2022-06-15T23:37:40.029] [WARN] custom - {
  error: '-2',
  descripcion: 'ruta /favicon.ico metodo GET no implementada'
}
[2022-06-15T23:37:40.176] [WARN] custom - {
  error: '-2',
  descripcion: 'ruta /favicon.ico metodo GET no implementada'
}
[2022-06-15T23:37:40.331] [WARN] custom - {
  error: '-2',
  descripcion: 'ruta /favicon.ico metodo GET no implementada'
}
[2022-06-15T23:37:40.474] [WARN] custom - {
  error: '-2',
  descripcion: 'ruta /favicon.ico metodo GET no implementada'
}
[2022-06-15T23:37:40.610] [WARN] custom - {
  error: '-2',
  descripcion: 'ruta /favicon.ico metodo GET no implementada'
}
[2022-06-15T23:37:40.758] [WARN] custom - {
  error: '-2',
  descripcion: 'ruta /favicon.ico metodo GET no implementada'
}
[2022-06-15T23:37:40.941] [WARN] custom - {
  error: '-2',
  descripcion: 'ruta /favicon.ico metodo GET no implementada'
}
[2022-06-15T23:38:12.466] [WARN] custom - {
  error: '-2',
  descripcion: 'ruta /favicon.ico metodo GET no implementada'
}
[2022-06-15T23:38:16.800] [WARN] custom - {
  error: '-2',
  descripcion: 'ruta /favicon.ico metodo GET no implementada'
}
[2022-06-15T23:38:16.951] [WARN] custom - {
  error: '-2',
  descripcion: 'ruta /favicon.ico metodo GET no implementada'
}
[2022-06-15T23:38:17.194] [WARN] custom - {
  error: '-2',
  descripcion: 'ruta /favicon.ico metodo GET no implementada'
}
[2022-06-15T23:38:17.345] [WARN] custom - {
  error: '-2',
  descripcion: 'ruta /favicon.ico metodo GET no implementada'
}
[2022-06-15T23:38:17.586] [WARN] custom - {
  error: '-2',
  descripcion: 'ruta /favicon.ico metodo GET no implementada'
}
[2022-06-15T23:38:18.057] [WARN] custom - {
  error: '-2',
  descripcion: 'ruta /favicon.ico metodo GET no implementada'
}
[2022-06-15T23:38:18.371] [WARN] custom - {
  error: '-2',
  descripcion: 'ruta /favicon.ico metodo GET no implementada'
}
[2022-06-15T23:38:18.466] [WARN] custom - {
  error: '-2',
  descripcion: 'ruta /favicon.ico metodo GET no implementada'
}
[2022-06-15T23:38:18.672] [WARN] custom - {
  error: '-2',
  descripcion: 'ruta /favicon.ico metodo GET no implementada'
}
[2022-06-15T23:38:18.896] [WARN] custom - {
  error: '-2',
  descripcion: 'ruta /favicon.ico metodo GET no implementada'
}
[2022-06-15T23:38:26.850] [WARN] custom - {
  error: '-2',
  descripcion: 'ruta /favicon.ico metodo GET no implementada'
}
[2022-06-15T23:43:41.241] [WARN] custom - {
  error: '-2',
  descripcion: 'ruta /favicon.ico metodo GET no implementada'
}
[2022-06-15T23:43:44.248] [WARN] custom - {
  error: '-2',
  descripcion: 'ruta /favicon.ico metodo GET no implementada'
}
[2022-06-15T23:44:24.341] [WARN] custom - {
  error: '-2',
  descripcion: 'ruta /favicon.ico metodo GET no implementada'
}
[2022-06-15T23:44:41.737] [WARN] custom - {
  error: '-2',
  descripcion: 'ruta /favicon.ico metodo GET no implementada'
}
[2022-06-15T23:44:42.215] [WARN] custom - {
  error: '-2',
  descripcion: 'ruta /favicon.ico metodo GET no implementada'
}
[2022-06-15T23:44:44.195] [WARN] custom - {
  error: '-2',
  descripcion: 'ruta /favicon.ico metodo GET no implementada'
}
[2022-06-15T23:44:45.002] [WARN] custom - {
  error: '-2',
  descripcion: 'ruta /favicon.ico metodo GET no implementada'
}
[2022-06-15T23:44:45.146] [WARN] custom - {
  error: '-2',
  descripcion: 'ruta /favicon.ico metodo GET no implementada'
}
[2022-06-15T23:44:46.157] [WARN] custom - {
  error: '-2',
  descripcion: 'ruta /favicon.ico metodo GET no implementada'
}
[2022-06-15T23:44:46.909] [WARN] custom - {
  error: '-2',
  descripcion: 'ruta /favicon.ico metodo GET no implementada'
}
[2022-06-15T23:44:47.404] [WARN] custom - {
  error: '-2',
  descripcion: 'ruta /favicon.ico metodo GET no implementada'
}
[2022-06-15T23:44:59.362] [WARN] custom - {
  error: '-2',
  descripcion: 'ruta /favicon.ico metodo GET no implementada'
}
[2022-06-15T23:45:00.853] [WARN] custom - {
  error: '-2',
  descripcion: 'ruta /favicon.ico metodo GET no implementada'
}
[2022-06-15T23:45:02.125] [WARN] custom - {
  error: '-2',
  descripcion: 'ruta /favicon.ico metodo GET no implementada'
}
[2022-06-15T23:45:03.408] [WARN] custom - {
  error: '-2',
  descripcion: 'ruta /favicon.ico metodo GET no implementada'
}
[2022-06-15T23:45:05.362] [WARN] custom - {
  error: '-2',
  descripcion: 'ruta /favicon.ico metodo GET no implementada'
}
[2022-06-15T23:45:22.649] [WARN] custom - {
  error: '-2',
  descripcion: 'ruta /favicon.ico metodo GET no implementada'
}
[2022-06-15T23:45:31.274] [WARN] custom - {
  error: '-2',
  descripcion: 'ruta /favicon.ico metodo GET no implementada'
}
[2022-06-15T23:45:32.279] [WARN] custom - {
  error: '-2',
  descripcion: 'ruta /favicon.ico metodo GET no implementada'
}
[2022-06-15T23:45:44.736] [WARN] custom - {
  error: '-2',
  descripcion: 'ruta /favicon.ico metodo GET no implementada'
}
[2022-06-15T23:46:00.851] [WARN] custom - {
  error: '-2',
  descripcion: 'ruta /favicon.ico metodo GET no implementada'
}
[2022-06-15T23:46:03.749] [WARN] custom - {
  error: '-2',
  descripcion: 'ruta /favicon.ico metodo GET no implementada'
}
[2022-06-15T23:46:42.006] [WARN] custom - {
  error: '-2',
  descripcion: 'ruta /favicon.ico metodo GET no implementada'
}
[2022-06-15T23:46:44.216] [WARN] custom - {
  error: '-2',
  descripcion: 'ruta /favicon.ico metodo GET no implementada'
}
[2022-06-15T23:46:44.385] [WARN] custom - {
  error: '-2',
  descripcion: 'ruta /favicon.ico metodo GET no implementada'
}
[2022-06-15T23:46:44.734] [WARN] custom - {
  error: '-2',
  descripcion: 'ruta /favicon.ico metodo GET no implementada'
}
[2022-06-15T23:46:45.736] [WARN] custom - {
  error: '-2',
  descripcion: 'ruta /favicon.ico metodo GET no implementada'
}
[2022-06-15T23:46:46.536] [WARN] custom - {
  error: '-2',
  descripcion: 'ruta /favicon.ico metodo GET no implementada'
}
[2022-06-15T23:46:47.589] [WARN] custom - {
  error: '-2',
  descripcion: 'ruta /favicon.ico metodo GET no implementada'
}
[2022-06-15T23:46:47.967] [WARN] custom - {
  error: '-2',
  descripcion: 'ruta /favicon.ico metodo GET no implementada'
}
[2022-06-15T23:46:48.084] [WARN] custom - {
  error: '-2',
  descripcion: 'ruta /favicon.ico metodo GET no implementada'
}
[2022-06-15T23:46:48.356] [WARN] custom - {
  error: '-2',
  descripcion: 'ruta /favicon.ico metodo GET no implementada'
}
[2022-06-15T23:46:48.499] [WARN] custom - {
  error: '-2',
  descripcion: 'ruta /favicon.ico metodo GET no implementada'
}
[2022-06-15T23:46:48.643] [WARN] custom - {
  error: '-2',
  descripcion: 'ruta /favicon.ico metodo GET no implementada'
}
[2022-06-15T23:46:49.216] [WARN] custom - {
  error: '-2',
  descripcion: 'ruta /favicon.ico metodo GET no implementada'
}
[2022-06-15T23:46:49.515] [WARN] custom - {
  error: '-2',
  descripcion: 'ruta /favicon.ico metodo GET no implementada'
}
[2022-06-15T23:46:50.537] [WARN] custom - {
  error: '-2',
  descripcion: 'ruta /favicon.ico metodo GET no implementada'
}
[2022-06-15T23:46:50.766] [WARN] custom - {
  error: '-2',
  descripcion: 'ruta /favicon.ico metodo GET no implementada'
}
[2022-06-15T23:46:50.881] [WARN] custom - {
  error: '-2',
  descripcion: 'ruta /favicon.ico metodo GET no implementada'
}
[2022-06-15T23:46:51.447] [WARN] custom - {
  error: '-2',
  descripcion: 'ruta /favicon.ico metodo GET no implementada'
}
[2022-06-15T23:46:51.611] [WARN] custom - {
  error: '-2',
  descripcion: 'ruta /favicon.ico metodo GET no implementada'
}
[2022-06-15T23:46:52.218] [WARN] custom - {
  error: '-2',
  descripcion: 'ruta /favicon.ico metodo GET no implementada'
}
[2022-06-15T23:46:52.931] [WARN] custom - {
  error: '-2',
  descripcion: 'ruta /favicon.ico metodo GET no implementada'
}
[2022-06-15T23:46:53.044] [WARN] custom - {
  error: '-2',
  descripcion: 'ruta /favicon.ico metodo GET no implementada'
}
[2022-06-15T23:46:53.172] [WARN] custom - {
  error: '-2',
  descripcion: 'ruta /favicon.ico metodo GET no implementada'
}
[2022-06-15T23:46:53.277] [WARN] custom - {
  error: '-2',
  descripcion: 'ruta /favicon.ico metodo GET no implementada'
}
[2022-06-15T23:46:53.447] [WARN] custom - {
  error: '-2',
  descripcion: 'ruta /favicon.ico metodo GET no implementada'
}
[2022-06-15T23:46:53.697] [WARN] custom - {
  error: '-2',
  descripcion: 'ruta /favicon.ico metodo GET no implementada'
}
[2022-06-15T23:46:53.950] [WARN] custom - {
  error: '-2',
  descripcion: 'ruta /favicon.ico metodo GET no implementada'
}
[2022-06-15T23:47:42.912] [WARN] custom - {
  error: '-2',
  descripcion: 'ruta /favicon.ico metodo GET no implementada'
}
[2022-06-15T23:47:45.375] [WARN] custom - {
  error: '-2',
  descripcion: 'ruta /favicon.ico metodo GET no implementada'
}
[2022-06-15T23:47:56.307] [WARN] custom - {
  error: '-2',
  descripcion: 'ruta /favicon.ico metodo GET no implementada'
}
[2022-06-15T23:48:01.422] [WARN] custom - {
  error: '-2',
  descripcion: 'ruta /favicon.ico metodo GET no implementada'
}
[2022-06-15T23:48:02.468] [WARN] custom - {
  error: '-2',
  descripcion: 'ruta /favicon.ico metodo GET no implementada'
}
[2022-06-15T23:48:04.188] [WARN] custom - {
  error: '-2',
  descripcion: 'ruta /favicon.ico metodo GET no implementada'
}
[2022-06-15T23:49:14.165] [WARN] custom - {
  error: '-2',
  descripcion: 'ruta /favicon.ico metodo GET no implementada'
}
[2022-06-15T23:52:08.487] [WARN] custom - {
  error: '-2',
  descripcion: 'ruta /favicon.ico metodo GET no implementada'
}
[2022-06-15T23:52:08.503] [WARN] custom - {
  error: '-2',
  descripcion: 'ruta /favicon.ico metodo GET no implementada'
}
[2022-06-15T23:52:09.539] [WARN] custom - {
  error: '-2',
  descripcion: 'ruta /favicon.ico metodo GET no implementada'
}
[2022-06-15T23:52:09.811] [WARN] custom - {
  error: '-2',
  descripcion: 'ruta /favicon.ico metodo GET no implementada'
}
[2022-06-15T23:52:09.997] [WARN] custom - {
  error: '-2',
  descripcion: 'ruta /favicon.ico metodo GET no implementada'
}
[2022-06-15T23:52:10.432] [WARN] custom - {
  error: '-2',
  descripcion: 'ruta /favicon.ico metodo GET no implementada'
}
[2022-06-15T23:52:12.343] [WARN] custom - {
  error: '-2',
  descripcion: 'ruta /favicon.ico metodo GET no implementada'
}
[2022-06-15T23:52:12.478] [WARN] custom - {
  error: '-2',
  descripcion: 'ruta /favicon.ico metodo GET no implementada'
}
[2022-06-15T23:52:12.619] [WARN] custom - {
  error: '-2',
  descripcion: 'ruta /favicon.ico metodo GET no implementada'
}
[2022-06-15T23:52:12.785] [WARN] custom - {
  error: '-2',
  descripcion: 'ruta /favicon.ico metodo GET no implementada'
}
[2022-06-15T23:52:12.970] [WARN] custom - {
  error: '-2',
  descripcion: 'ruta /favicon.ico metodo GET no implementada'
}
[2022-06-15T23:52:14.851] [WARN] custom - {
  error: '-2',
  descripcion: 'ruta /favicon.ico metodo GET no implementada'
}
[2022-06-15T23:52:15.077] [WARN] custom - {
  error: '-2',
  descripcion: 'ruta /favicon.ico metodo GET no implementada'
}
[2022-06-15T23:52:16.394] [WARN] custom - {
  error: '-2',
  descripcion: 'ruta /favicon.ico metodo GET no implementada'
}
[2022-06-15T23:52:16.446] [WARN] custom - {
  error: '-2',
  descripcion: 'ruta /favicon.ico metodo GET no implementada'
}
[2022-06-15T23:52:17.705] [WARN] custom - {
  error: '-2',
  descripcion: 'ruta /favicon.ico metodo GET no implementada'
}
[2022-06-15T23:52:18.678] [WARN] custom - {
  error: '-2',
  descripcion: 'ruta /favicon.ico metodo GET no implementada'
}
[2022-06-15T23:52:18.835] [WARN] custom - {
  error: '-2',
  descripcion: 'ruta /favicon.ico metodo GET no implementada'
}
[2022-06-15T23:52:18.973] [WARN] custom - {
  error: '-2',
  descripcion: 'ruta /favicon.ico metodo GET no implementada'
}
[2022-06-15T23:52:20.094] [WARN] custom - {
  error: '-2',
  descripcion: 'ruta /favicon.ico metodo GET no implementada'
}
[2022-06-15T23:52:20.280] [WARN] custom - {
  error: '-2',
  descripcion: 'ruta /favicon.ico metodo GET no implementada'
}
[2022-06-15T23:52:21.331] [WARN] custom - {
  error: '-2',
  descripcion: 'ruta /favicon.ico metodo GET no implementada'
}
[2022-06-15T23:52:22.069] [WARN] custom - {
  error: '-2',
  descripcion: 'ruta /favicon.ico metodo GET no implementada'
}
[2022-06-15T23:52:22.205] [WARN] custom - {
  error: '-2',
  descripcion: 'ruta /favicon.ico metodo GET no implementada'
}
[2022-06-15T23:52:22.830] [WARN] custom - {
  error: '-2',
  descripcion: 'ruta /favicon.ico metodo GET no implementada'
}
[2022-06-15T23:52:47.927] [WARN] custom - {
  error: '-2',
  descripcion: 'ruta /favicon.ico metodo GET no implementada'
}
[2022-06-15T23:52:50.994] [WARN] custom - {
  error: '-2',
  descripcion: 'ruta /favicon.ico metodo GET no implementada'
}
[2022-06-15T23:52:56.182] [WARN] custom - {
  error: '-2',
  descripcion: 'ruta /favicon.ico metodo GET no implementada'
}
[2022-06-15T23:52:58.150] [WARN] custom - {
  error: '-2',
  descripcion: 'ruta /favicon.ico metodo GET no implementada'
}
[2022-06-15T23:52:58.941] [WARN] custom - {
  error: '-2',
  descripcion: 'ruta /favicon.ico metodo GET no implementada'
}
[2022-06-15T23:52:59.075] [WARN] custom - {
  error: '-2',
  descripcion: 'ruta /favicon.ico metodo GET no implementada'
}
[2022-06-15T23:52:59.307] [WARN] custom - {
  error: '-2',
  descripcion: 'ruta /favicon.ico metodo GET no implementada'
}
[2022-06-15T23:52:59.523] [WARN] custom - {
  error: '-2',
  descripcion: 'ruta /favicon.ico metodo GET no implementada'
}
[2022-06-15T23:52:59.622] [WARN] custom - {
  error: '-2',
  descripcion: 'ruta /favicon.ico metodo GET no implementada'
}
[2022-06-15T23:53:00.120] [WARN] custom - {
  error: '-2',
  descripcion: 'ruta /favicon.ico metodo GET no implementada'
}
[2022-06-15T23:53:00.761] [WARN] custom - {
  error: '-2',
  descripcion: 'ruta /favicon.ico metodo GET no implementada'
}
[2022-06-15T23:53:00.966] [WARN] custom - {
  error: '-2',
  descripcion: 'ruta /favicon.ico metodo GET no implementada'
}
[2022-06-15T23:53:01.279] [WARN] custom - {
  error: '-2',
  descripcion: 'ruta /favicon.ico metodo GET no implementada'
}
[2022-06-15T23:53:01.573] [WARN] custom - {
  error: '-2',
  descripcion: 'ruta /favicon.ico metodo GET no implementada'
}
[2022-06-15T23:53:04.045] [WARN] custom - {
  error: '-2',
  descripcion: 'ruta /favicon.ico metodo GET no implementada'
}
[2022-06-15T23:53:05.123] [WARN] custom - {
  error: '-2',
  descripcion: 'ruta /favicon.ico metodo GET no implementada'
}
[2022-06-15T23:53:05.510] [WARN] custom - {
  error: '-2',
  descripcion: 'ruta /favicon.ico metodo GET no implementada'
}
[2022-06-15T23:53:05.647] [WARN] custom - {
  error: '-2',
  descripcion: 'ruta /favicon.ico metodo GET no implementada'
}
[2022-06-15T23:53:05.785] [WARN] custom - {
  error: '-2',
  descripcion: 'ruta /favicon.ico metodo GET no implementada'
}
[2022-06-15T23:53:06.224] [WARN] custom - {
  error: '-2',
  descripcion: 'ruta /favicon.ico metodo GET no implementada'
}
[2022-06-15T23:53:06.432] [WARN] custom - {
  error: '-2',
  descripcion: 'ruta /favicon.ico metodo GET no implementada'
}
[2022-06-15T23:53:06.760] [WARN] custom - {
  error: '-2',
  descripcion: 'ruta /favicon.ico metodo GET no implementada'
}
[2022-06-15T23:53:10.142] [WARN] custom - {
  error: '-2',
  descripcion: 'ruta /favicon.ico metodo GET no implementada'
}
[2022-06-15T23:53:10.207] [WARN] custom - {
  error: '-2',
  descripcion: 'ruta /favicon.ico metodo GET no implementada'
}
[2022-06-15T23:53:11.222] [WARN] custom - {
  error: '-2',
  descripcion: 'ruta /favicon.ico metodo GET no implementada'
}
[2022-06-15T23:53:12.273] [WARN] custom - {
  error: '-2',
  descripcion: 'ruta /favicon.ico metodo GET no implementada'
}
[2022-06-15T23:53:12.433] [WARN] custom - {
  error: '-2',
  descripcion: 'ruta /favicon.ico metodo GET no implementada'
}
[2022-06-15T23:53:12.693] [WARN] custom - {
  error: '-2',
  descripcion: 'ruta /favicon.ico metodo GET no implementada'
}
[2022-06-15T23:53:13.137] [WARN] custom - {
  error: '-2',
  descripcion: 'ruta /favicon.ico metodo GET no implementada'
}
[2022-06-15T23:53:13.849] [WARN] custom - {
  error: '-2',
  descripcion: 'ruta /favicon.ico metodo GET no implementada'
}
[2022-06-15T23:53:14.775] [WARN] custom - {
  error: '-2',
  descripcion: 'ruta /favicon.ico metodo GET no implementada'
}
[2022-06-15T23:53:15.046] [WARN] custom - {
  error: '-2',
  descripcion: 'ruta /favicon.ico metodo GET no implementada'
}
[2022-06-15T23:53:19.170] [WARN] custom - {
  error: '-2',
  descripcion: 'ruta /favicon.ico metodo GET no implementada'
}
[2022-06-15T23:53:19.682] [WARN] custom - {
  error: '-2',
  descripcion: 'ruta /favicon.ico metodo GET no implementada'
}
[2022-06-15T23:53:19.815] [WARN] custom - {
  error: '-2',
  descripcion: 'ruta /favicon.ico metodo GET no implementada'
}
[2022-06-15T23:53:20.979] [WARN] custom - {
  error: '-2',
  descripcion: 'ruta /favicon.ico metodo GET no implementada'
}
[2022-06-15T23:53:38.617] [WARN] custom - {
  error: '-2',
  descripcion: 'ruta /favicon.ico metodo GET no implementada'
}
[2022-06-15T23:53:40.231] [WARN] custom - {
  error: '-2',
  descripcion: 'ruta /favicon.ico metodo GET no implementada'
}
[2022-06-15T23:53:40.557] [WARN] custom - {
  error: '-2',
  descripcion: 'ruta /favicon.ico metodo GET no implementada'
}
[2022-06-15T23:53:40.730] [WARN] custom - {
  error: '-2',
  descripcion: 'ruta /favicon.ico metodo GET no implementada'
}
[2022-06-15T23:53:40.909] [WARN] custom - {
  error: '-2',
  descripcion: 'ruta /favicon.ico metodo GET no implementada'
}
[2022-06-15T23:53:41.338] [WARN] custom - {
  error: '-2',
  descripcion: 'ruta /favicon.ico metodo GET no implementada'
}
